[debug] [2023-03-21T21:24:50.120Z] ----------------------------------------------------------------------
[debug] [2023-03-21T21:24:50.122Z] Command:       C:\Program Files\nodejs\node.exe C:\Program Files\nodejs\node_modules\firebase-tools\lib\bin\firebase.js deploy
[debug] [2023-03-21T21:24:50.123Z] CLI Version:   11.8.0
[debug] [2023-03-21T21:24:50.123Z] Platform:      win32
[debug] [2023-03-21T21:24:50.123Z] Node Version:  v16.16.0
[debug] [2023-03-21T21:24:50.124Z] Time:          Tue Mar 21 2023 23:24:50 GMT+0200 (Eastern European Standard Time)
[debug] [2023-03-21T21:24:50.125Z] ----------------------------------------------------------------------
[debug] 
[debug] [2023-03-21T21:24:50.129Z] >>> [apiv2][query] GET https://firebase-public.firebaseio.com/cli.json [none]
[debug] [2023-03-21T21:24:50.245Z] > refreshing access token with scopes: []
[debug] [2023-03-21T21:24:50.246Z] >>> [apiv2][query] POST https://www.googleapis.com/oauth2/v3/token [none]
[debug] [2023-03-21T21:24:50.246Z] >>> [apiv2][body] POST https://www.googleapis.com/oauth2/v3/token [omitted]
[debug] [2023-03-21T21:24:50.459Z] <<< [apiv2][status] POST https://www.googleapis.com/oauth2/v3/token 200
[debug] [2023-03-21T21:24:50.460Z] <<< [apiv2][body] POST https://www.googleapis.com/oauth2/v3/token [omitted]
[debug] [2023-03-21T21:24:50.473Z] >>> [apiv2][query] GET https://firebase.googleapis.com/v1beta1/projects/undefined [none]
[debug] [2023-03-21T21:24:50.593Z] <<< [apiv2][status] GET https://firebase-public.firebaseio.com/cli.json 200
[debug] [2023-03-21T21:24:50.593Z] <<< [apiv2][body] GET https://firebase-public.firebaseio.com/cli.json {"cloudBuildErrorAfter":1594252800000,"cloudBuildWarnAfter":1590019200000,"defaultNode10After":1594252800000,"minVersion":"3.0.5","node8DeploysDisabledAfter":1613390400000,"node8RuntimeDisabledAfter":1615809600000,"node8WarnAfter":1600128000000}
[debug] [2023-03-21T21:24:50.877Z] <<< [apiv2][status] GET https://firebase.googleapis.com/v1beta1/projects/undefined 403
[debug] [2023-03-21T21:24:50.879Z] <<< [apiv2][body] GET https://firebase.googleapis.com/v1beta1/projects/undefined {"error":{"code":403,"message":"The caller does not have permission","status":"PERMISSION_DENIED"}}
[debug] [2023-03-21T21:24:50.884Z] HTTP Error: 403, The caller does not have permission
[debug] [2023-03-21T21:24:50.889Z] FirebaseError: HTTP Error: 403, The caller does not have permission
    at responseToError (C:\Program Files\nodejs\node_modules\firebase-tools\lib\responseToError.js:49:12)
    at RetryOperation._fn (C:\Program Files\nodejs\node_modules\firebase-tools\lib\apiv2.js:288:77)
    at processTicksAndRejections (node:internal/process/task_queues:96:5)
[error] 
[error] Error: Failed to get Firebase project undefined. Please make sure the project exists and your account has permission to access it.
